2003.03.19 21:14 B e:\dev\projects\agmod\6.1\src\dlls\makefile --> psychoclan.net /engine makefile
2003.03.19 21:15 B e:\dev\projects\agmod\6.1\src\dlls\makefile --> psychoclan.net /engine makefile
2003.03.19 21:15 A e:\dev\projects\agmod\6.1\src\dlls\makefile --> psychoclan.net /engine makefile
2003.03.19 21:16 A e:\dev\projects\agmod\6.1\src\dlls\makefile --> psychoclan.net /dlls makefile
2003.03.19 21:16 B e:\dev\projects\agmod\6.1\src\dlls\makefile --> psychoclan.net /dlls makefile
2003.03.19 21:16 B e:\dev\projects\agmod\6.1\src\dlls\makefile --> psychoclan.net /dlls makefile
2003.03.19 21:17 B e:\dev\projects\agmod\6.1\src\dlls\makefile --> psychoclan.net /dlls makefile
2003.03.19 21:20 B e:\dev\projects\agmod\6.1\src\dlls\Makefile.Lin --> psychoclan.net /dlls Makefile.Lin
2003.03.19 21:22 B e:\dev\projects\agmod\6.1\src\dlls\Makefile.Lin --> psychoclan.net /dlls Makefile.Lin
2003.03.19 21:22 B e:\dev\projects\agmod\6.1\src\dlls\Makefile.Lin --> psychoclan.net /dlls Makefile.Lin
2003.03.19 21:25 B e:\dev\projects\agmod\6.1\src\dlls\Makefile.Lin --> psychoclan.net /dlls Makefile.Lin
2003.03.19 21:26 B e:\dev\projects\agmod\6.1\src\dlls\Makefile.Lin --> psychoclan.net /dlls Makefile.Lin
2003.03.19 21:26 B e:\dev\projects\agmod\6.1\src\dlls\Makefile.Lin --> psychoclan.net /dlls Makefile.Lin
2003.03.19 21:27 B e:\dev\projects\agmod\6.1\src\dlls\Makefile.Lin --> psychoclan.net /dlls Makefile.Lin
2003.03.19 21:28 B e:\dev\projects\agmod\6.1\src\dlls\Makefile.Lin --> psychoclan.net /dlls Makefile.Lin
2003.03.19 21:28 B e:\dev\projects\agmod\6.1\src\dlls\Makefile.Lin --> psychoclan.net /dlls Makefile.Lin
2003.03.19 21:29 B e:\dev\projects\agmod\6.1\src\dlls\Makefile.Lin --> psychoclan.net /dlls Makefile.Lin
2003.03.19 21:29 B e:\dev\projects\agmod\6.1\src\dlls\Makefile.Lin --> psychoclan.net /dlls Makefile.Lin
2003.03.19 21:32 B e:\dev\projects\agmod\6.1\src\dlls\Makefile.Lin --> psychoclan.net /dlls Makefile.Lin
2003.03.19 21:37 B e:\dev\projects\agmod\6.1\src\dlls\Makefile.Lin --> psychoclan.net /dlls Makefile.Lin
2003.03.19 21:39 B e:\dev\projects\agmod\6.1\src\dlls\Makefile.Lin --> psychoclan.net /dlls Makefile.Lin
2003.03.19 21:41 B e:\dev\projects\agmod\6.1\src\dlls\Makefile.Lin --> psychoclan.net /dlls Makefile.Lin
2003.03.19 21:41 B e:\dev\projects\agmod\6.1\src\dlls\Makefile.Lin --> psychoclan.net /dlls Makefile.Lin
2003.03.19 21:42 B e:\dev\projects\agmod\6.1\src\dlls\Makefile.Lin --> psychoclan.net /dlls Makefile.Lin
2003.03.19 21:42 B e:\dev\projects\agmod\6.1\src\dlls\Makefile.Lin --> psychoclan.net /dlls Makefile.Lin
2003.03.19 21:42 B e:\dev\projects\agmod\6.1\src\dlls\Makefile.Lin --> psychoclan.net /dlls Makefile.Lin
2003.03.19 21:43 B e:\dev\projects\agmod\6.1\src\dlls\Makefile.Lin --> psychoclan.net /dlls Makefile.Lin
